<?xml version="1.0" encoding="UTF-8"?>
<coverage generated="1716014252450" clover="3.2.0">
  <project timestamp="1716014252450" name="All files">
    <metrics statements="75" coveredstatements="74" conditionals="3" coveredconditionals="3" methods="12" coveredmethods="10" elements="90" coveredelements="87" complexity="0" loc="75" ncloc="75" packages="3" files="6" classes="6"/>
    <package name="src">
      <metrics statements="22" coveredstatements="21" conditionals="0" coveredconditionals="0" methods="2" coveredmethods="0"/>
      <file name="app.ts" path="C:\Users\user\Desktop\MicroServices\Ticket-App\tickets\src\app.ts">
        <metrics statements="22" coveredstatements="21" conditionals="0" coveredconditionals="0" methods="2" coveredmethods="0"/>
        <line num="1" count="4" type="stmt"/>
        <line num="2" count="4" type="stmt"/>
        <line num="3" count="4" type="stmt"/>
        <line num="4" count="4" type="stmt"/>
        <line num="5" count="4" type="stmt"/>
        <line num="6" count="4" type="stmt"/>
        <line num="7" count="4" type="stmt"/>
        <line num="8" count="4" type="stmt"/>
        <line num="9" count="4" type="stmt"/>
        <line num="11" count="4" type="stmt"/>
        <line num="12" count="4" type="stmt"/>
        <line num="13" count="4" type="stmt"/>
        <line num="14" count="4" type="stmt"/>
        <line num="20" count="4" type="stmt"/>
        <line num="22" count="4" type="stmt"/>
        <line num="23" count="4" type="stmt"/>
        <line num="24" count="4" type="stmt"/>
        <line num="25" count="4" type="stmt"/>
        <line num="27" count="4" type="stmt"/>
        <line num="28" count="0" type="stmt"/>
        <line num="31" count="4" type="stmt"/>
        <line num="33" count="4" type="stmt"/>
      </file>
    </package>
    <package name="src.models">
      <metrics statements="8" coveredstatements="8" conditionals="0" coveredconditionals="0" methods="2" coveredmethods="2"/>
      <file name="ticket.ts" path="C:\Users\user\Desktop\MicroServices\Ticket-App\tickets\src\models\ticket.ts">
        <metrics statements="8" coveredstatements="8" conditionals="0" coveredconditionals="0" methods="2" coveredmethods="2"/>
        <line num="1" count="4" type="stmt"/>
        <line num="19" count="4" type="stmt"/>
        <line num="37" count="14" type="stmt"/>
        <line num="38" count="14" type="stmt"/>
        <line num="44" count="4" type="stmt"/>
        <line num="45" count="8" type="stmt"/>
        <line num="48" count="4" type="stmt"/>
        <line num="50" count="4" type="stmt"/>
      </file>
    </package>
    <package name="src.routes">
      <metrics statements="45" coveredstatements="45" conditionals="3" coveredconditionals="3" methods="8" coveredmethods="8"/>
      <file name="index.ts" path="C:\Users\user\Desktop\MicroServices\Ticket-App\tickets\src\routes\index.ts">
        <metrics statements="7" coveredstatements="7" conditionals="0" coveredconditionals="0" methods="2" coveredmethods="2"/>
        <line num="1" count="4" type="stmt"/>
        <line num="2" count="4" type="stmt"/>
        <line num="4" count="4" type="stmt"/>
        <line num="6" count="4" type="stmt"/>
        <line num="7" count="1" type="stmt"/>
        <line num="9" count="1" type="stmt"/>
        <line num="12" count="4" type="stmt"/>
      </file>
      <file name="new.ts" path="C:\Users\user\Desktop\MicroServices\Ticket-App\tickets\src\routes\new.ts">
        <metrics statements="12" coveredstatements="12" conditionals="0" coveredconditionals="0" methods="2" coveredmethods="2"/>
        <line num="1" count="4" type="stmt"/>
        <line num="2" count="4" type="stmt"/>
        <line num="3" count="4" type="stmt"/>
        <line num="4" count="4" type="stmt"/>
        <line num="6" count="4" type="stmt"/>
        <line num="8" count="4" type="stmt"/>
        <line num="18" count="8" type="stmt"/>
        <line num="19" count="8" type="stmt"/>
        <line num="21" count="8" type="stmt"/>
        <line num="26" count="8" type="stmt"/>
        <line num="28" count="8" type="stmt"/>
        <line num="32" count="4" type="stmt"/>
      </file>
      <file name="show.ts" path="C:\Users\user\Desktop\MicroServices\Ticket-App\tickets\src\routes\show.ts">
        <metrics statements="10" coveredstatements="10" conditionals="1" coveredconditionals="1" methods="2" coveredmethods="2"/>
        <line num="1" count="4" type="stmt"/>
        <line num="2" count="4" type="stmt"/>
        <line num="3" count="4" type="stmt"/>
        <line num="5" count="4" type="stmt"/>
        <line num="7" count="4" type="stmt"/>
        <line num="8" count="3" type="stmt"/>
        <line num="10" count="3" type="cond" truecount="1" falsecount="0"/>
        <line num="11" count="1" type="stmt"/>
        <line num="14" count="2" type="stmt"/>
        <line num="17" count="4" type="stmt"/>
      </file>
      <file name="update.ts" path="C:\Users\user\Desktop\MicroServices\Ticket-App\tickets\src\routes\update.ts">
        <metrics statements="16" coveredstatements="16" conditionals="2" coveredconditionals="2" methods="2" coveredmethods="2"/>
        <line num="1" count="4" type="stmt"/>
        <line num="2" count="4" type="stmt"/>
        <line num="3" count="4" type="stmt"/>
        <line num="9" count="4" type="stmt"/>
        <line num="11" count="4" type="stmt"/>
        <line num="13" count="4" type="stmt"/>
        <line num="23" count="3" type="stmt"/>
        <line num="24" count="3" type="stmt"/>
        <line num="26" count="3" type="cond" truecount="1" falsecount="0"/>
        <line num="27" count="1" type="stmt"/>
        <line num="30" count="2" type="cond" truecount="1" falsecount="0"/>
        <line num="31" count="1" type="stmt"/>
        <line num="34" count="1" type="stmt"/>
        <line num="38" count="1" type="stmt"/>
        <line num="40" count="1" type="stmt"/>
        <line num="44" count="4" type="stmt"/>
      </file>
    </package>
  </project>
</coverage>
