{"C:\\Users\\user\\Desktop\\MicroServices\\Ticket-App\\tickets\\src\\app.ts": {"path":"C:\\Users\\user\\Desktop\\MicroServices\\Ticket-App\\tickets\\src\\app.ts","statementMap":{"0":{"start":{"line":1,"column":0},"end":{"line":1,"column":30}},"1":{"start":{"line":2,"column":0},"end":{"line":2,"column":30}},"2":{"start":{"line":3,"column":0},"end":{"line":3,"column":35}},"3":{"start":{"line":4,"column":0},"end":{"line":4,"column":43}},"4":{"start":{"line":5,"column":0},"end":{"line":5,"column":80}},"5":{"start":{"line":6,"column":0},"end":{"line":6,"column":50}},"6":{"start":{"line":7,"column":0},"end":{"line":7,"column":49}},"7":{"start":{"line":8,"column":0},"end":{"line":8,"column":51}},"8":{"start":{"line":9,"column":0},"end":{"line":9,"column":53}},"9":{"start":{"line":11,"column":12},"end":{"line":11,"column":21}},"10":{"start":{"line":33,"column":9},"end":{"line":33,"column":12}},"11":{"start":{"line":12,"column":0},"end":{"line":12,"column":29}},"12":{"start":{"line":13,"column":0},"end":{"line":13,"column":16}},"13":{"start":{"line":14,"column":0},"end":{"line":19,"column":2}},"14":{"start":{"line":20,"column":0},"end":{"line":20,"column":21}},"15":{"start":{"line":22,"column":0},"end":{"line":22,"column":28}},"16":{"start":{"line":23,"column":0},"end":{"line":23,"column":26}},"17":{"start":{"line":24,"column":0},"end":{"line":24,"column":27}},"18":{"start":{"line":25,"column":0},"end":{"line":25,"column":28}},"19":{"start":{"line":27,"column":0},"end":{"line":29,"column":3}},"20":{"start":{"line":27,"column":32},"end":{"line":29,"column":2}},"21":{"start":{"line":28,"column":2},"end":{"line":28,"column":28}},"22":{"start":{"line":31,"column":0},"end":{"line":31,"column":22}}},"fnMap":{"0":{"name":"(anonymous_8)","decl":{"start":{"line":27,"column":13},"end":{"line":27,"column":20}},"loc":{"start":{"line":27,"column":32},"end":{"line":29,"column":2}}},"1":{"name":"(anonymous_9)","decl":{"start":{"line":27,"column":32},"end":{"line":27,"column":null}},"loc":{"start":{"line":27,"column":32},"end":{"line":29,"column":1}}}},"branchMap":{},"s":{"0":4,"1":4,"2":4,"3":4,"4":4,"5":4,"6":4,"7":4,"8":4,"9":4,"10":4,"11":4,"12":4,"13":4,"14":4,"15":4,"16":4,"17":4,"18":4,"19":4,"20":0,"21":0,"22":4},"f":{"0":0,"1":0},"b":{}}
,"C:\\Users\\user\\Desktop\\MicroServices\\Ticket-App\\tickets\\src\\models\\ticket.ts": {"path":"C:\\Users\\user\\Desktop\\MicroServices\\Ticket-App\\tickets\\src\\models\\ticket.ts","statementMap":{"0":{"start":{"line":1,"column":0},"end":{"line":1,"column":32}},"1":{"start":{"line":19,"column":21},"end":{"line":41,"column":null}},"2":{"start":{"line":37,"column":8},"end":{"line":37,"column":25}},"3":{"start":{"line":38,"column":8},"end":{"line":38,"column":23}},"4":{"start":{"line":44,"column":0},"end":{"line":46,"column":2}},"5":{"start":{"line":45,"column":2},"end":{"line":45,"column":27}},"6":{"start":{"line":48,"column":15},"end":{"line":48,"column":77}},"7":{"start":{"line":50,"column":9},"end":{"line":50,"column":15}}},"fnMap":{"0":{"name":"(anonymous_1)","decl":{"start":{"line":36,"column":6},"end":{"line":36,"column":15}},"loc":{"start":{"line":36,"column":24},"end":{"line":39,"column":7}}},"1":{"name":"(anonymous_2)","decl":{"start":{"line":44,"column":29},"end":{"line":44,"column":30}},"loc":{"start":{"line":44,"column":52},"end":{"line":46,"column":1}}}},"branchMap":{},"s":{"0":4,"1":4,"2":14,"3":14,"4":4,"5":8,"6":4,"7":4},"f":{"0":14,"1":8},"b":{}}
,"C:\\Users\\user\\Desktop\\MicroServices\\Ticket-App\\tickets\\src\\routes\\index.ts": {"path":"C:\\Users\\user\\Desktop\\MicroServices\\Ticket-App\\tickets\\src\\routes\\index.ts","statementMap":{"0":{"start":{"line":1,"column":0},"end":{"line":1,"column":53}},"1":{"start":{"line":2,"column":0},"end":{"line":2,"column":42}},"2":{"start":{"line":4,"column":15},"end":{"line":4,"column":31}},"3":{"start":{"line":12,"column":19},"end":{"line":12,"column":36}},"4":{"start":{"line":6,"column":0},"end":{"line":10,"column":3}},"5":{"start":{"line":6,"column":65},"end":{"line":10,"column":2}},"6":{"start":{"line":7,"column":18},"end":{"line":7,"column":39}},"7":{"start":{"line":9,"column":2},"end":{"line":9,"column":20}}},"fnMap":{"0":{"name":"(anonymous_8)","decl":{"start":{"line":6,"column":27},"end":{"line":6,"column":34}},"loc":{"start":{"line":6,"column":65},"end":{"line":10,"column":2}}},"1":{"name":"(anonymous_9)","decl":{"start":{"line":6,"column":65},"end":{"line":6,"column":null}},"loc":{"start":{"line":6,"column":65},"end":{"line":10,"column":1}}}},"branchMap":{},"s":{"0":4,"1":4,"2":4,"3":4,"4":4,"5":1,"6":1,"7":1},"f":{"0":1,"1":1},"b":{}}
,"C:\\Users\\user\\Desktop\\MicroServices\\Ticket-App\\tickets\\src\\routes\\new.ts": {"path":"C:\\Users\\user\\Desktop\\MicroServices\\Ticket-App\\tickets\\src\\routes\\new.ts","statementMap":{"0":{"start":{"line":1,"column":0},"end":{"line":1,"column":53}},"1":{"start":{"line":2,"column":0},"end":{"line":2,"column":41}},"2":{"start":{"line":3,"column":0},"end":{"line":3,"column":68}},"3":{"start":{"line":4,"column":0},"end":{"line":4,"column":42}},"4":{"start":{"line":6,"column":15},"end":{"line":6,"column":31}},"5":{"start":{"line":32,"column":19},"end":{"line":32,"column":37}},"6":{"start":{"line":8,"column":0},"end":{"line":30,"column":2}},"7":{"start":{"line":18,"column":40},"end":{"line":29,"column":null}},"8":{"start":{"line":19,"column":29},"end":{"line":19,"column":37}},"9":{"start":{"line":21,"column":19},"end":{"line":25,"column":6}},"10":{"start":{"line":26,"column":4},"end":{"line":26,"column":24}},"11":{"start":{"line":28,"column":4},"end":{"line":28,"column":33}}},"fnMap":{"0":{"name":"(anonymous_8)","decl":{"start":{"line":18,"column":2},"end":{"line":18,"column":9}},"loc":{"start":{"line":18,"column":40},"end":{"line":29,"column":null}}},"1":{"name":"(anonymous_9)","decl":{"start":{"line":18,"column":40},"end":{"line":18,"column":null}},"loc":{"start":{"line":18,"column":40},"end":{"line":29,"column":3}}}},"branchMap":{},"s":{"0":4,"1":4,"2":4,"3":4,"4":4,"5":4,"6":4,"7":8,"8":8,"9":8,"10":8,"11":8},"f":{"0":8,"1":8},"b":{}}
,"C:\\Users\\user\\Desktop\\MicroServices\\Ticket-App\\tickets\\src\\routes\\show.ts": {"path":"C:\\Users\\user\\Desktop\\MicroServices\\Ticket-App\\tickets\\src\\routes\\show.ts","statementMap":{"0":{"start":{"line":1,"column":0},"end":{"line":1,"column":53}},"1":{"start":{"line":2,"column":0},"end":{"line":2,"column":53}},"2":{"start":{"line":3,"column":0},"end":{"line":3,"column":42}},"3":{"start":{"line":5,"column":15},"end":{"line":5,"column":31}},"4":{"start":{"line":17,"column":19},"end":{"line":17,"column":35}},"5":{"start":{"line":7,"column":0},"end":{"line":15,"column":3}},"6":{"start":{"line":7,"column":69},"end":{"line":15,"column":2}},"7":{"start":{"line":8,"column":17},"end":{"line":8,"column":53}},"8":{"start":{"line":10,"column":2},"end":{"line":12,"column":3}},"9":{"start":{"line":11,"column":4},"end":{"line":11,"column":30}},"10":{"start":{"line":14,"column":2},"end":{"line":14,"column":19}}},"fnMap":{"0":{"name":"(anonymous_8)","decl":{"start":{"line":7,"column":31},"end":{"line":7,"column":38}},"loc":{"start":{"line":7,"column":69},"end":{"line":15,"column":2}}},"1":{"name":"(anonymous_9)","decl":{"start":{"line":7,"column":69},"end":{"line":7,"column":null}},"loc":{"start":{"line":7,"column":69},"end":{"line":15,"column":1}}}},"branchMap":{"0":{"loc":{"start":{"line":10,"column":2},"end":{"line":12,"column":3}},"type":"if","locations":[{"start":{"line":10,"column":2},"end":{"line":12,"column":3}}]}},"s":{"0":4,"1":4,"2":4,"3":4,"4":4,"5":4,"6":3,"7":3,"8":3,"9":1,"10":2},"f":{"0":3,"1":3},"b":{"0":[1]}}
,"C:\\Users\\user\\Desktop\\MicroServices\\Ticket-App\\tickets\\src\\routes\\update.ts": {"path":"C:\\Users\\user\\Desktop\\MicroServices\\Ticket-App\\tickets\\src\\routes\\update.ts","statementMap":{"0":{"start":{"line":1,"column":0},"end":{"line":1,"column":53}},"1":{"start":{"line":2,"column":0},"end":{"line":2,"column":41}},"2":{"start":{"line":3,"column":0},"end":{"line":3,"column":null}},"3":{"start":{"line":9,"column":0},"end":{"line":9,"column":42}},"4":{"start":{"line":11,"column":15},"end":{"line":11,"column":31}},"5":{"start":{"line":44,"column":19},"end":{"line":44,"column":37}},"6":{"start":{"line":13,"column":0},"end":{"line":42,"column":2}},"7":{"start":{"line":23,"column":40},"end":{"line":41,"column":null}},"8":{"start":{"line":24,"column":19},"end":{"line":24,"column":55}},"9":{"start":{"line":26,"column":4},"end":{"line":28,"column":5}},"10":{"start":{"line":27,"column":6},"end":{"line":27,"column":32}},"11":{"start":{"line":30,"column":4},"end":{"line":32,"column":5}},"12":{"start":{"line":31,"column":6},"end":{"line":31,"column":37}},"13":{"start":{"line":34,"column":4},"end":{"line":37,"column":7}},"14":{"start":{"line":38,"column":4},"end":{"line":38,"column":24}},"15":{"start":{"line":40,"column":4},"end":{"line":40,"column":21}}},"fnMap":{"0":{"name":"(anonymous_8)","decl":{"start":{"line":23,"column":2},"end":{"line":23,"column":9}},"loc":{"start":{"line":23,"column":40},"end":{"line":41,"column":null}}},"1":{"name":"(anonymous_9)","decl":{"start":{"line":23,"column":40},"end":{"line":23,"column":null}},"loc":{"start":{"line":23,"column":40},"end":{"line":41,"column":3}}}},"branchMap":{"0":{"loc":{"start":{"line":26,"column":4},"end":{"line":28,"column":5}},"type":"if","locations":[{"start":{"line":26,"column":4},"end":{"line":28,"column":5}}]},"1":{"loc":{"start":{"line":30,"column":4},"end":{"line":32,"column":5}},"type":"if","locations":[{"start":{"line":30,"column":4},"end":{"line":32,"column":5}}]}},"s":{"0":4,"1":4,"2":4,"3":4,"4":4,"5":4,"6":4,"7":3,"8":3,"9":3,"10":1,"11":2,"12":1,"13":1,"14":1,"15":1},"f":{"0":3,"1":3},"b":{"0":[1],"1":[1]}}
}
